<INIT>
<START>
<UPDATE>,38378628,'Moldova',4556952.0,4648091.0
<UPDATE>,38274406,'Israel',6468166.0,6597529.0
<UPDATE>,38365887,'Luxembourg',453302.0,462368.0
<UPDATE>,38030839,'Andorra',81151.0,82774.0
<UPDATE>,38084686,'Switzerland',7449680.0,7598673.0
<UPDATE>,38593241,'Tajikistan',6437995.0,6566754.0
<UPDATE>,38529164,'RÈunion',727239.0,741783.0
<UPDATE>,38112090,'Germany',8.5484153E7,8.7193836E7
<UPDATE>,38560815,'South Georgia and the South Sandwich Islands',0.0,0.0
<UPDATE>,38089894,'Cameroon',1.5694434E7,1.6008322E7
<UPDATE>,38091630,'Colombia',4.4030768E7,4.4911383E7
<UPDATE>,38378814,'Madagascar',1.6586056E7,1.6917777E7
<UPDATE>,38625853,'United States Minor Outlying Islands',0.0,0.0
<UPDATE>,38154932,'Western Sahara',304837.0,310933.0
<UPDATE>,38346388,'Laos',5652493.0,5765542.0
<UPDATE>,38246413,'Hungary',1.0448945E7,1.0657923E7
<UPDATE>,38563512,'Svalbard and Jan Mayen',3329.0,3395.0
<UPDATE>,38116523,'Djibouti',663775.0,677050.0
<UPDATE>,38337894,'Kuwait',2051668.0,2092701.0
<UPDATE>,38064412,'Barbados',280908.0,286526.0
<UPDATE>,38656729,'Vietnam',8.3057212E7,8.4718356E7
<UPDATE>,38178089,'Falkland Islands',2080.0,2121.0
<UPDATE>,38155893,'Ethiopia',6.5092626E7,6.6394478E7
<UPDATE>,38143927,'Egypt',7.1236188E7,7.2660911E7
<UPDATE>,38410651,'Norfolk Island',2080.0,2121.0
<UPDATE>,38286744,'Jamaica',2687353.0,2741100.0
<UPDATE>,38101271,'Cayman Islands',39535.0,40325.0
<UPDATE>,38059390,'Belize',250736.0,255750.0
<UPDATE>,38663673,'Vanuatu',197676.0,201629.0
<UPDATE>,38204718,'Gibraltar',26010.0,26530.0
<UPDATE>,38324378,'Kiribati',86353.0,88080.0
<UPDATE>,38752643,'Yugoslavia',1.1069856E7,1.1291253E7
<UPDATE>,38784294,'Zimbabwe',1.2140427E7,1.2383235E7
<UPDATE>,38024453,'Angola',1.3398271E7,1.3666236E7
<UPDATE>,38042402,'Azerbaijan',8046453.0,8207382.0
<UPDATE>,38397135,'Malawi',1.136637E7,1.1593697E7
<UPDATE>,38386905,'Malta',395560.0,403471.0
<UPDATE>,38213398,'Greece',1.0971746E7,1.119118E7
<UPDATE>,38604029,'Turkey',6.9281276E7,7.0666901E7
<UPDATE>,38155304,'Estonia',1497343.0,1527289.0
<UPDATE>,38055329,'Bahamas',319402.0,325790.0
<UPDATE>,38420292,'Nepal',2.4896772E7,2.5394707E7
<UPDATE>,38064784,'Brunei',341251.0,348076.0
<UPDATE>,38575075,'Slovenia',2068107.0,2109469.0
<UPDATE>,38419517,'Norway',4659431.0,4752619.0
<UPDATE>,38273414,'Iraq',2.4048846E7,2.4529822E7
<UPDATE>,38652079,'Virgin Islands; U.S.',96757.0,98692.0
<UPDATE>,38568317,'Somalia',1.0504918E7,1.0715016E7
<UPDATE>,38269167,'India',1.054613944E9,1.075706222E9
<UPDATE>,38205090,'Guinea',7730172.0,7884775.0
<UPDATE>,38482044,'Portugal',1.0401503E7,1.0609533E7
<UPDATE>,38477797,'Papua New Guinea',5001202.0,5101226.0
<UPDATE>,38208562,'Gambia',1357722.0,1384876.0
<UPDATE>,38569278,'Saint Pierre and Miquelon',7282.0,7427.0
<UPDATE>,38066706,'Bhutan',2209809.0,2254005.0
<UPDATE>,38052229,'Belgium',1.0652655E7,1.0865708E7
<UPDATE>,38209523,'Guinea-Bissau',1262005.0,1287245.0
<UPDATE>,38091599,'Cook Islands',20808.0,21224.0
<UPDATE>,38619839,'Uganda',2.2657831E7,2.3110987E7
<UPDATE>,38376272,'Morocco',2.949638E7,3.0086307E7
<UPDATE>,38330144,'South Korea',4.8736497E7,4.9711226E7
<UPDATE>,38389974,'Mozambique',2.0475072E7,2.0884573E7
<UPDATE>,38469489,'Peru',2.6698744E7,2.7232718E7
<UPDATE>,38064381,'Brazil',1.76987646E8,1.80527398E8
<UPDATE>,38203726,'Ghana',2.1028564E7,2.1449135E7
<UPDATE>,38347318,'Lebanon',3414592.0,3482883.0
<UPDATE>,38301190,'Japan',1.31833245E8,1.34469909E8
<UPDATE>,38576408,'Swaziland',1048723.0,1069697.0
<UPDATE>,38392671,'Mauritania',2777868.0,2833425.0
<UPDATE>,38472186,'Philippines',7.9036066E7,8.0616787E7
<UPDATE>,38388424,'Mongolia',2769544.0,2824934.0
<UPDATE>,38068814,'Bouvet Island',0.0,0.0
<UPDATE>,38100465,'Christmas Island',2601.0,2653.0
<UPDATE>,38465428,'Pakistan',1.62804913E8,1.66061011E8
<UPDATE>,38054337,'Bulgaria',8521812.0,8692248.0
<UPDATE>,38596279,'East Timor',920754.0,939169.0
<UPDATE>,38055298,'Bahrain',641926.0,654764.0
<UPDATE>,38028855,'Albania',3538608.0,3609380.0
<UPDATE>,38086174,'CÙte díIvoire',1.5383354E7,1.5691021E7
<UPDATE>,38590482,'Togo',4816011.0,4912331.0
<UPDATE>,38566550,'San Marino',28090.0,28651.0
<UPDATE>,38382813,'Marshall Islands',66585.0,67916.0
<UPDATE>,38091382,'Congo; The Democratic Republic of the',5.3740821E7,5.4815637E7
<UPDATE>,38380302,'Mexico',1.02875792E8,1.04933307E8
<UPDATE>,38069186,'Botswana',1687528.0,1721278.0
<UPDATE>,38416200,'Netherlands',1.6504905E7,1.6835003E7
<UPDATE>,38429902,'New Zealand',4018024.0,4098384.0
<UPDATE>,38347876,'Saint Lucia',160221.0,163425.0
<UPDATE>,38259867,'Indonesia',2.20676122E8,2.25089644E8
<UPDATE>,38176105,'Fiji Islands',850006.0,867006.0
<UPDATE>,38482199,'Paraguay',5718038.0,5832398.0
<UPDATE>,38023244,'Afghanistan',2.3637888E7,2.4110645E7
<UPDATE>,38059142,'Belarus',1.0649534E7,1.0862524E7
<UPDATE>,38198487,'United Kingdom',6.2032185E7,6.3272828E7
<UPDATE>,38565186,'Sierra Leone',5050101.0,5151103.0
<UPDATE>,38774591,'Zambia',9539427.0,9730215.0
<UPDATE>,38447262,'Oman',2644696.0,2697589.0
<UPDATE>,38399398,'Mayotte',155019.0,158119.0
<UPDATE>,38478913,'Poland',4.0215205E7,4.1019509E7
<UPDATE>,38101984,'Czech Republic',1.0693335E7,1.0907201E7
<UPDATE>,38061839,'Bolivia',8665491.0,8838800.0
<UPDATE>,38025941,'Anguilla',8323.0,8489.0
<UPDATE>,38119158,'Dominica',73868.0,75345.0
<UPDATE>,38363686,'Lesotho',2239981.0,2284780.0
<UPDATE>,38078238,'Canada',3.2405338E7,3.3053444E7
<UPDATE>,38413286,'Nicaragua',5278989.0,5384568.0
<UPDATE>,38638129,'Uzbekistan',2.5300447E7,2.5806455E7
<UPDATE>,38031335,'Netherlands Antilles',225766.0,230281.0
<UPDATE>,38631371,'United States',2.89602622E8,2.95394674E8
<UPDATE>,38092901,'Cape Verde',445291.0,454196.0
<UPDATE>,38495498,'Qatar',623199.0,635662.0
<UPDATE>,38387804,'Myanmar',4.7453684E7,4.8402757E7
<UPDATE>,38395523,'Mauritius',1204783.0,1228878.0
<UPDATE>,38347659,'Libyan Arab Jamahiriya',5831442.0,5948070.0
<UPDATE>,38586204,'Turks and Caicos Islands',17686.0,18039.0
<UPDATE>,38604153,'Tuvalu',12484.0,12733.0
<UPDATE>,38574238,'Suriname',433846.0,442522.0
<UPDATE>,38364833,'Lithuania',3847919.0,3924877.0
<UPDATE>,38763183,'South Africa',4.200823E7,4.2848394E7
<UPDATE>,38238415,'Heard Island and McDonald Islands',0.0,0.0
<UPDATE>,38355564,'Sri Lanka',1.958761E7,1.9979362E7
<UPDATE>,38560722,'Singapore',3711106.0,3785328.0
<UPDATE>,38239376,'Honduras',6746994.0,6881933.0
<UPDATE>,38053903,'Bangladesh',1.34372862E8,1.37060319E8
<UPDATE>,38538526,'Romania',2.3362702E7,2.3829956E7
<UPDATE>,38175299,'Finland',5380220.0,5487824.0
<UPDATE>,38121452,'Dominican Republic',8838198.0,9014961.0
<UPDATE>,38413844,'Niue',2080.0,2121.0
<UPDATE>,38183979,'Faroe Islands',44737.0,45631.0
<UPDATE>,38399367,'Malaysia',2.3142657E7,2.360551E7
<UPDATE>,38215630,'Guatemala',1.1844954E7,1.2081853E7
<UPDATE>,38624210,'Ukraine',5.2494422E7,5.354431E7
<UPDATE>,38476371,'Palau',19767.0,20162.0
<UPDATE>,38578082,'Syria',1.677645E7,1.7111979E7
<UPDATE>,38488337,'French Polynesia',244494.0,249383.0
<UPDATE>,38084965,'China',1.329171343E9,1.355754769E9
<UPDATE>,38300353,'Jordan',5288353.0,5394120.0
<UPDATE>,38216591,'Guam',174787.0,178282.0
<UPDATE>,38631154,'Uruguay',3471814.0,3541250.0
<UPDATE>,38393570,'Montserrat',11444.0,11672.0
<UPDATE>,38555111,'Saudi Arabia',2.2479922E7,2.292952E7
<UPDATE>,38591009,'Thailand',6.3879519E7,6.5157109E7
<UPDATE>,38094420,'Costa Rica',4185529.0,4269239.0
<UPDATE>,38602975,'Trinidad and Tobago',1347318.0,1374264.0
<UPDATE>,38347442,'Liberia',3281421.0,3347049.0
<UPDATE>,38038062,'Austria',8418708.0,8587082.0
<UPDATE>,38482540,'Palestine',3226280.0,3290805.0
<UPDATE>,38101364,'Cyprus',785189.0,800892.0
<UPDATE>,38545842,'Rwanda',8045413.0,8206321.0
<UPDATE>,38270624,'British Indian Ocean Territory',0.0,0.0
<UPDATE>,38575757,'Sweden',9219400.0,9403788.0
<UPDATE>,38481765,'North Korea',2.5010175E7,2.5510378E7
<UPDATE>,38034776,'Argentina',3.8528092E7,3.9298653E7
<UPDATE>,38375807,'Macao',492109.0,501951.0
<UPDATE>,38574982,'Slovakia',5616807.0,5729143.0
<UPDATE>,38036512,'Antarctica',0.0,0.0
<UPDATE>,38379279,'Maldives',297554.0,303505.0
<UPDATE>,38139959,'Ecuador',1.3156898E7,1.3420035E7
<UPDATE>,38273321,'Iran',7.043716E7,7.1845903E7
<UPDATE>,38316938,'Kazakstan',1.6878409E7,1.7215977E7
<UPDATE>,38598139,'Tonga',102999.0,105058.0
<UPDATE>,38216963,'Guyana',895784.0,913699.0
<UPDATE>,38320410,'Kenya',3.1295232E7,3.1921136E7
<UPDATE>,38565713,'El Salvador',6529550.0,6660141.0
<UPDATE>,38051175,'Burundi',6965478.0,7104787.0
<UPDATE>,38405908,'Namibia',1795730.0,1831644.0
<UPDATE>,38034962,'Armenia',3662208.0,3735452.0
<UPDATE>,38036698,'Antigua and Barbuda',70747.0,72161.0
<UPDATE>,38385448,'Macedonia',2105769.0,2147884.0
<UPDATE>,38213677,'Greenland',58262.0,59427.0
<UPDATE>,38644453,'Holy See (Vatican City State)',1040.0,1060.0
<UPDATE>,38035923,'American Samoa',70747.0,72161.0
<UPDATE>,38544478,'Russian Federation',1.52870133E8,1.55927535E8
<UPDATE>,38131651,'Algeria',3.2742428E7,3.3397276E7
<UPDATE>,38649661,'Virgin Islands; British',21848.0,22284.0
<UPDATE>,38216374,'French Guiana',188312.0,192078.0
<UPDATE>,38243778,'Croatia',4653709.0,4746783.0
<UPDATE>,38411302,'Nigeria',1.16010842E8,1.18331058E8
<UPDATE>,38077990,'Central African Republic',3761046.0,3836266.0
<UPDATE>,38646375,'Saint Vincent and the Grenadines',118605.0,120977.0
<UPDATE>,38648111,'Venezuela',2.5146468E7,2.5649397E7
<UPDATE>,38019896,'Aruba',107161.0,109304.0
<UPDATE>,38594264,'Turkmenistan',4639143.0,4731925.0
<UPDATE>,38422493,'Nauru',12484.0,12733.0
<UPDATE>,38366135,'Latvia',2522137.0,2572579.0
<UPDATE>,38378101,'Monaco',35373.0,36080.0
<UPDATE>,38038031,'Australia',1.9648994E7,2.0041973E7
<UPDATE>,38394500,'Martinique',410958.0,419177.0
<UPDATE>,38322704,'Kyrgyzstan',4888839.0,4986615.0
<UPDATE>,38155180,'Spain',4.1035144E7,4.1855846E7
<UPDATE>,38603905,'Tunisia',9973274.0,1.0172739E7
<UPDATE>,38274840,'Italy',6.0010272E7,6.1210477E7
<UPDATE>,38557777,'Sudan',3.0681396E7,3.1295023E7
<UPDATE>,38097086,'Cuba',1.165352E7,1.188659E7
<UPDATE>,38573215,'Sao Tome and Principe',152938.0,155996.0
<UPDATE>,38465521,'Panama',2971382.0,3030809.0
<UPDATE>,38209988,'Equatorial Guinea',471301.0,480727.0
<UPDATE>,38684381,'Wallis and Futuna',15606.0,15918.0
<UPDATE>,38558738,'Senegal',9864032.0,1.0061312E7
<UPDATE>,38183545,'France',6.1618418E7,6.2850786E7
<UPDATE>,38388703,'Northern Mariana Islands',81151.0,82774.0
<UPDATE>,38737453,'Yemen',1.8843724E7,1.9220598E7
<UPDATE>,38605827,'Taiwan',2.3155142E7,2.3618244E7
<UPDATE>,38691325,'Samoa',187272.0,191017.0
<UPDATE>,38353766,'Liechtenstein',33604.0,34276.0
<UPDATE>,38120429,'Denmark',5545332.0,5656238.0
<UPDATE>,38036667,'French Southern territories',0.0,0.0
<UPDATE>,38467443,'Pitcairn',52.0,53.0
<UPDATE>,38245297,'Haiti',8554168.0,8725251.0
<UPDATE>,38091475,'Congo',3061897.0,3123134.0
<UPDATE>,38561621,'Saint Helena',6242.0,6366.0
<UPDATE>,38407799,'New Caledonia',222645.0,227097.0
<UPDATE>,38565093,'Solomon Islands',461937.0,471175.0
<UPDATE>,38052291,'Benin',6343318.0,6470184.0
<UPDATE>,38154002,'Eritrea',4005540.0,4085650.0
<UPDATE>,38323262,'Cambodia',1.1619187E7,1.185157E7
<UPDATE>,38091661,'Comoros',601351.0,613378.0
<UPDATE>,38594233,'Tokelau',2080.0,2121.0
<UPDATE>,38386564,'Mali',1.1687853E7,1.192161E7
<UPDATE>,38184878,'Micronesia; Federated States of',123807.0,126283.0
<UPDATE>,38084903,'Chile',1.5825524E7,1.6142034E7
<UPDATE>,38208035,'Guadeloupe',474422.0,483910.0
<UPDATE>,38060196,'Bermuda',67626.0,68978.0
<UPDATE>,38055949,'Bosnia and Herzegovina',4132468.0,4215117.0
<UPDATE>,38201277,'Georgia',5168707.0,5272081.0
<UPDATE>,38328656,'Saint Kitts and Nevis',39535.0,40325.0
<UPDATE>,38197030,'Gabon',1275530.0,1301040.0
<UPDATE>,38409907,'Niger',1.1163492E7,1.1386761E7
<UPDATE>,38481703,'Puerto Rico',4025307.0,4105813.0
<UPDATE>,38034714,'United Arab Emirates',2539616.0,2590408.0
<UPDATE>,38080067,'Cocos (Keeling) Islands',624.0,636.0
<UPDATE>,38608307,'Tanzania',3.4871086E7,3.5568507E7
<UPDATE>,38213429,'Grenada',97797.0,99752.0
<UPDATE>,38273259,'Ireland',3927614.0,4006166.0
<UPDATE>,38577617,'Seychelles',80110.0,81712.0
<UPDATE>,38236586,'Hong Kong',7055992.0,7197111.0
<UPDATE>,38052849,'Burkina Faso',1.2419254E7,1.2667639E7
<UPDATE>,38274220,'Iceland',290271.0,296076.0
<UPDATE>,38586297,'Chad',7960100.0,8119302.0
<COMMIT>
